<?xml version="1.0" encoding="UTF-8"?>
<testng-results ignored="0" total="1" passed="1" failed="0" skipped="0">
  <reporter-output>
  </reporter-output>
  <suite started-at="2023-03-26T19:36:56 IST" name="Default suite" finished-at="2023-03-26T19:37:38 IST" duration-ms="42232">
    <groups>
    </groups>
    <test started-at="2023-03-26T19:36:56 IST" name="Default test" finished-at="2023-03-26T19:37:38 IST" duration-ms="42232">
      <class name="rahulshetty.rahulshetty01">
        <test-method is-config="true" signature="tc1()[pri:0, instance:rahulshetty.rahulshetty01@6340e5f0]" started-at="2023-03-26T19:36:56 IST" name="tc1" finished-at="2023-03-26T19:37:07 IST" duration-ms="11518" status="PASS">
          <reporter-output>
          </reporter-output>
        </test-method> <!-- tc1 -->
        <test-method signature="radiobutton()[pri:0, instance:rahulshetty.rahulshetty01@6340e5f0]" started-at="2023-03-26T19:37:07 IST" name="radiobutton" finished-at="2023-03-26T19:37:38 IST" duration-ms="30621" status="PASS">
          <reporter-output>
          </reporter-output>
        </test-method> <!-- radiobutton -->
      </class> <!-- rahulshetty.rahulshetty01 -->
    </test> <!-- Default test -->
  </suite> <!-- Default suite -->
</testng-results>
